Check Payment Inited...!<br>
2016-11-28 07:00:01am
<br>Client without ORDER KEY!!!: Alberto Reyes<br>

<br>Client without ORDER KEY!!!: JOSE RAMON<br>

<br>Client without ORDER KEY!!!: Pedro Petti<br>

<br>----Client with payment issue: Marbesth - Claudia Bestetti<br>
<br>
<br>

<br>----Client with payment issue: Loja do Torcedor<br>
<br>
<br>

<br>----Client with payment issue: PROGRAMA LEILÕES<br>
<br>
<br>

<br>----Client with payment issue: Vânia Petti<br>
<br>
<br>

<br>----Client with payment issue: COACH JEFF CAMPOS<br>
<br>
<br>

<br>----Client with payment issue: Rone ????????????????<br>
<br>
<br>

<br>----Client with payment issue: Crie seu Aplicativo Mobile ????<br>
<br>
<br>

<br>----Client with payment issue: Thiago<br>
<br>
<br>

<br>----Client with payment issue: micmic acessórios<br>
<br>
<br>

<br>Client without ORDER KEY!!!: Droneboy.tv<br>

<br>Client without ORDER KEY!!!: Tompson Ranieri<br>

<br>----Client with payment issue: Juliana D'Agostini<br>
<br>
<br>

<br>----Client with payment issue: Programa Hashtag<br>
<br>
<br>


<br>Job Done!2016-11-28 07:00:13am

