Check Payment Inited...!<br>
2016-11-13 10:03:01pm<pre>{
    "httpStatusCode": 404,
    "requestKey": "553e5eb8-ebe0-4b14-a94c-fc09caa512a2",
    "responseBody": "{\"ErrorReport\":{\"Category\":\"RequestError\",\"ErrorItemCollection\":[{\"Description\":\"Identifica\u00e7\u00e3o do pedido inv\u00e1lida.\",\"ErrorCode\":404,\"ErrorField\":\"QuerySaleRequest.OrderKey\",\"SeverityCode\":\"Error\"}]},\"InternalTime\":3,\"MerchantKey\":\"bcb45ac4-7edb-49df-98d1-69fd37f4e1d6\",\"RequestKey\":\"553e5eb8-ebe0-4b14-a94c-fc09caa512a2\",\"SaleDataCollection\":[],\"SaleDataCount\":0,\"TokenData\":null}",
    "errorCollection": {
        "Category": "RequestError",
        "ErrorItemCollection": [
            {
                "Description": "Identifica\u00e7\u00e3o do pedido inv\u00e1lida.",
                "ErrorCode": 404,
                "ErrorField": "QuerySaleRequest.OrderKey",
                "SeverityCode": "Error"
            }
        ]
    },
    "requestQueryStringData": null,
    "requestBodyData": null,
    "xdebug_message": "<tr><th align='left' bgcolor='#f57900' colspan=\"5\"><span style='background-color: #cc0000; color: #fce94f; font-size: x-large;'>( ! )<\/span> Gateway\\One\\DataContract\\Report\\ApiError:  in \/opt\/lampp\/htdocs\/dumbu\/worker\/libraries\/mundipagg\/lib\/ApiClient.php on line <i>374<\/i><\/th><\/tr>\n<tr><th align='left' bgcolor='#e9b96e' colspan='5'>Call Stack<\/th><\/tr>\n<tr><th align='center' bgcolor='#eeeeec'>#<\/th><th align='left' bgcolor='#eeeeec'>Time<\/th><th align='left' bgcolor='#eeeeec'>Memory<\/th><th align='left' bgcolor='#eeeeec'>Function<\/th><th align='left' bgcolor='#eeeeec'>Location<\/th><\/tr>\n<tr><td bgcolor='#eeeeec' align='center'>1<\/td><td bgcolor='#eeeeec' align='center'>0.1083<\/td><td bgcolor='#eeeeec' align='right'>378944<\/td><td bgcolor='#eeeeec'>{main}(  )<\/td><td title='\/opt\/lampp\/htdocs\/dumbu\/src\/index.php' bgcolor='#eeeeec'>...\/index.php<b>:<\/b>0<\/td><\/tr>\n<tr><td bgcolor='#eeeeec' align='center'>2<\/td><td bgcolor='#eeeeec' align='center'>0.1093<\/td><td bgcolor='#eeeeec' align='right'>425816<\/td><td bgcolor='#eeeeec'>require_once( <font color='#00bb00'>'\/opt\/lampp\/htdocs\/dumbu\/src\/system\/core\/CodeIgniter.php'<\/font> )<\/td><td title='\/opt\/lampp\/htdocs\/dumbu\/src\/index.php' bgcolor='#eeeeec'>...\/index.php<b>:<\/b>315<\/td><\/tr>\n<tr><td bgcolor='#eeeeec' align='center'>3<\/td><td bgcolor='#eeeeec' align='center'>0.1583<\/td><td bgcolor='#eeeeec' align='right'>2175664<\/td><td bgcolor='#eeeeec'>Payment->check_payment(  )<\/td><td title='\/opt\/lampp\/htdocs\/dumbu\/src\/system\/core\/CodeIgniter.php' bgcolor='#eeeeec'>...\/CodeIgniter.php<b>:<\/b>514<\/td><\/tr>\n<tr><td bgcolor='#eeeeec' align='center'>4<\/td><td bgcolor='#eeeeec' align='center'>0.1655<\/td><td bgcolor='#eeeeec' align='right'>2390008<\/td><td bgcolor='#eeeeec'>Payment->check_client_payment( ??? )<\/td><td title='\/opt\/lampp\/htdocs\/dumbu\/src\/application\/controllers\/Payment.php' bgcolor='#eeeeec'>...\/Payment.php<b>:<\/b>37<\/td><\/tr>\n<tr><td bgcolor='#eeeeec' align='center'>5<\/td><td bgcolor='#eeeeec' align='center'>0.1723<\/td><td bgcolor='#eeeeec' align='right'>2455072<\/td><td bgcolor='#eeeeec'>dumbu\\cls\\Payment->check_payment( ??? )<\/td><td title='\/opt\/lampp\/htdocs\/dumbu\/src\/application\/controllers\/Payment.php' bgcolor='#eeeeec'>...\/Payment.php<b>:<\/b>56<\/td><\/tr>\n<tr><td bgcolor='#eeeeec' align='center'>6<\/td><td bgcolor='#eeeeec' align='center'>0.1723<\/td><td bgcolor='#eeeeec' align='right'>2455072<\/td><td bgcolor='#eeeeec'>dumbu\\cls\\Payment->queryOrder( ??? )<\/td><td title='\/opt\/lampp\/htdocs\/dumbu\/worker\/class\/Payment.php' bgcolor='#eeeeec'>...\/Payment.php<b>:<\/b>132<\/td><\/tr>\n<tr><td bgcolor='#eeeeec' align='center'>7<\/td><td bgcolor='#eeeeec' align='center'>0.1744<\/td><td bgcolor='#eeeeec' align='right'>2543864<\/td><td bgcolor='#eeeeec'>Gateway\\ApiClient->searchSaleByOrderKey( ??? )<\/td><td title='\/opt\/lampp\/htdocs\/dumbu\/worker\/class\/Payment.php' bgcolor='#eeeeec'>...\/Payment.php<b>:<\/b>151<\/td><\/tr>\n<tr><td bgcolor='#eeeeec' align='center'>8<\/td><td bgcolor='#eeeeec' align='center'>0.1744<\/td><td bgcolor='#eeeeec' align='right'>2543864<\/td><td bgcolor='#eeeeec'>Gateway\\ApiClient->QueryImplementation( ???, ??? )<\/td><td title='\/opt\/lampp\/htdocs\/dumbu\/worker\/libraries\/mundipagg\/lib\/ApiClient.php' bgcolor='#eeeeec'>...\/ApiClient.php<b>:<\/b>467<\/td><\/tr>\n<tr><td bgcolor='#eeeeec' align='center'>9<\/td><td bgcolor='#eeeeec' align='center'>0.1746<\/td><td bgcolor='#eeeeec' align='right'>2545096<\/td><td bgcolor='#eeeeec'>Gateway\\ApiClient->sendRequest( ???, ???, ???, ??? )<\/td><td title='\/opt\/lampp\/htdocs\/dumbu\/worker\/libraries\/mundipagg\/lib\/ApiClient.php' bgcolor='#eeeeec'>...\/ApiClient.php<b>:<\/b>632<\/td><\/tr>\n<tr><td bgcolor='#eeeeec' align='center'>10<\/td><td bgcolor='#eeeeec' align='center'>7.0316<\/td><td bgcolor='#eeeeec' align='right'>2553336<\/td><td bgcolor='#eeeeec'>Gateway\\ApiClient->handleApiError( ???, ???, ???, ???, ???, ??? )<\/td><td title='\/opt\/lampp\/htdocs\/dumbu\/worker\/libraries\/mundipagg\/lib\/ApiClient.php' bgcolor='#eeeeec'>...\/ApiClient.php<b>:<\/b>198<\/td><\/tr>\n"
}</pre>
<br>Payment error: NULL 
Client name: Jose Ramon<br>

<br>Client with payment issue: Jose Ramon<br>

<br>Client without ORDER KEY!!!: Pedro Petti<br>

<br>Client without ORDER KEY!!!: Smart Sushi<br>

<br>Client without ORDER KEY!!!: luna_westie<br>

<br>Client without ORDER KEY!!!: sandrozion7<br>


<br>Job Done!2016-11-13 10:03:08pm

