Check Payment Inited...!<br>
2016-11-30 07:00:01am
<br>Client without ORDER KEY!!!: Alberto Reyes<br>

<br>Client without ORDER KEY!!!: JOSE RAMON<br>

<br>Client without ORDER KEY!!!: Pedro Petti<br>

<br>Client in day: Marbesth - Claudia Bestetti<br>

<br>Client in day: Vânia Petti<br>

<br>Client in day: COACH JEFF CAMPOS<br>

<br>Client in day: Rone ????????????????<br>

<br>Client in day: Crie seu Aplicativo Mobile ????<br>

<br>Client in day: <br>

<br>Client in day: micmic acessórios<br>

<br>Client without ORDER KEY!!!: Droneboy.tv<br>

<br>Client without ORDER KEY!!!: Tompson Ranieri<br>

<br>Client in day: Juliana D'Agostini<br>

<br>Client in day: Programa Hashtag<br>

<br>Client in day: DJRuivo Rhuivo<br>

<br>Client in day: Balada Uberlândia<br>

<br>Client in day: Uberlândia Show<br>

<br>Client in day: Sandro Giovannone<br>

<br>Client in day: Calle América<br>

<br>Client in day: Guru do Sucesso ????<br>

<br>Client in day: Xanda Fogaça ????<br>

<br>Client in day: Monize Taniguti<br>

<br>Client in day: Nanda<br>

<br>Client in day: Jacqueline Heyek ????<br>

<br>Client in day: Homem Conceitual®#NovembroAzul<br>

<br>Client in day: Santa Temakeria Restaurante<br>

<br>Client in day: Jan de Oliveira<br>

<br>Client in day: Jan De Oliveira Marques????<br>

<br>Client in day: Mariah????Orientação Espiritual????<br>

<br>Client in day: Vinnie Veríssimo ????<br>

<br>Client in day: Doradoralice<br>

<br>Client in day: Gracia Alonso Plus<br>

<br>Client in day: Centro Estético Amanda Maira<br>

<br>Client in day: Invitt<br>

<br>Client in day: A vida é Florida<br>


<br>Job Done!2016-11-30 07:00:31am

