Worker Inited...!<br>
2018-03-16 11:11:01pm<br />
<b>Notice</b>:  Trying to get property of non-object in <b>/opt/lampp/htdocs/dumbu/worker/class/Robot.php</b> on line <b>96</b><br />
<br>
Client: 81875 <br>
<br>
nRef Profil: gentedezona<br>
 Count: 0 Hasnext: 0 - 2018-03-16 11:11:02pm<br>
 make_insta_friendships_command UNFOLLOW <br>
<br>
make_insta_friendships_command FOLLOW (like firsts = 0): 480 <br>
<br>
Ref Profil: gentedezona (id: 31114 | type: 0)<br>
<br>output {"data":{"user":{"edge_followed_by":{"count":1377510,"page_info":{"has_next_page":true,"end_cursor":"AQApuhbi97jQfYdq2rcoOPtBtowGEx-IltUlxVQpewA39WfVKeVfi2dZcTtg9neuYmZTHm56ZeOU7CSyPY3cy-qfY2Kcvw7usxCY5mw73gBo0A"},"edges":[{"node":{"id":"3580085323","username":"yosicrocco","full_name":"Yoselin Crocco","profile_pic_url":"https://instagram.fsdu8-2.fna.fbcdn.net/vp/5a6e3a9898af5ea9dda680b9be6e4ca1/5B2B6C58/t51.2885-19/s150x150/29088677_160683881309444_5037634606824685568_n.jpg","is_verified":false,"followed_by_viewer":false,"requested_by_viewer":false}},{"node":{"id":"5737783014","username":"valee.aisha","full_name":"Valee Meza","profile_pic_url":"https://instagram.fsdu8-2.fna.fbcdn.net/vp/988df53970973f928a47d95b2c0d4bff/5B38F6F1/t51.2885-19/s150x150/25022960_916932491806066_7000511266133377024_n.jpg","is_verified":false,"followed_by_viewer":false,"requested_by_viewer":false}},{"node":{"id":"7208336682","username":"keita6020","full_name":"keita","profile_pic_url":"https://instagram.fsdu8-2.fna.fbcdn.net/vp/4bf033e019ed3889845f22e56d754a83/5B424AEB/t51.2885-19/s150x150/28154220_364647900678058_9092919496229781504_n.jpg","is_verified":false,"followed_by_viewer":false,"requested_by_viewer":false}},{"node":{"id":"1451319903","username":"ace_vargas","full_name":"Andres Javier","profile_pic_url":"https://instagram.fsdu8-2.fna.fbcdn.net/vp/121fffe07bc66334a7ecf9b9f9f205d6/5B4E0ECB/t51.2885-19/s150x150/12317378_1625606847703204_646810481_a.jpg","is_verified":false,"followed_by_viewer":false,"requested_by_viewer":false}},{"node":{"id":"1364262505","username":"tefitefii","full_name":"\u2022Estefan\u00eda vald\u00e9s\u2022","profile_pic_url":"https://instagram.fsdu8-2.fna.fbcdn.net/vp/a9dcccd711d2a9aa2ce44a55980b0e8d/5B39040D/t51.2885-19/s150x150/27894441_1531190743658678_7812449617689182208_n.jpg","is_verified":false,"followed_by_viewer":false,"requested_by_viewer":false}}]}}},"status":"ok"} 

</br><br>
Ref Profil: gentedezona<br>
Nodes: 5 <br>
array(5) {
  [0]=>
  object(stdClass)#28 (1) {
    ["node"]=>
    object(stdClass)#26 (7) {
      ["id"]=>
      string(10) "3580085323"
      ["username"]=>
      string(10) "yosicrocco"
      ["full_name"]=>
      string(14) "Yoselin Crocco"
      ["profile_pic_url"]=>
      string(156) "https://instagram.fsdu8-2.fna.fbcdn.net/vp/5a6e3a9898af5ea9dda680b9be6e4ca1/5B2B6C58/t51.2885-19/s150x150/29088677_160683881309444_5037634606824685568_n.jpg"
      ["is_verified"]=>
      bool(false)
      ["followed_by_viewer"]=>
      bool(false)
      ["requested_by_viewer"]=>
      bool(false)
    }
  }
  [1]=>
  object(stdClass)#33 (1) {
    ["node"]=>
    object(stdClass)#27 (7) {
      ["id"]=>
      string(10) "5737783014"
      ["username"]=>
      string(11) "valee.aisha"
      ["full_name"]=>
      string(10) "Valee Meza"
      ["profile_pic_url"]=>
      string(156) "https://instagram.fsdu8-2.fna.fbcdn.net/vp/988df53970973f928a47d95b2c0d4bff/5B38F6F1/t51.2885-19/s150x150/25022960_916932491806066_7000511266133377024_n.jpg"
      ["is_verified"]=>
      bool(false)
      ["followed_by_viewer"]=>
      bool(false)
      ["requested_by_viewer"]=>
      bool(false)
    }
  }
  [2]=>
  object(stdClass)#35 (1) {
    ["node"]=>
    object(stdClass)#34 (7) {
      ["id"]=>
      string(10) "7208336682"
      ["username"]=>
      string(9) "keita6020"
      ["full_name"]=>
      string(5) "keita"
      ["profile_pic_url"]=>
      string(156) "https://instagram.fsdu8-2.fna.fbcdn.net/vp/4bf033e019ed3889845f22e56d754a83/5B424AEB/t51.2885-19/s150x150/28154220_364647900678058_9092919496229781504_n.jpg"
      ["is_verified"]=>
      bool(false)
      ["followed_by_viewer"]=>
      bool(false)
      ["requested_by_viewer"]=>
      bool(false)
    }
  }
  [3]=>
  object(stdClass)#37 (1) {
    ["node"]=>
    object(stdClass)#36 (7) {
      ["id"]=>
      string(10) "1451319903"
      ["username"]=>
      string(10) "ace_vargas"
      ["full_name"]=>
      string(13) "Andres Javier"
      ["profile_pic_url"]=>
      string(147) "https://instagram.fsdu8-2.fna.fbcdn.net/vp/121fffe07bc66334a7ecf9b9f9f205d6/5B4E0ECB/t51.2885-19/s150x150/12317378_1625606847703204_646810481_a.jpg"
      ["is_verified"]=>
      bool(false)
      ["followed_by_viewer"]=>
      bool(false)
      ["requested_by_viewer"]=>
      bool(false)
    }
  }
  [4]=>
  object(stdClass)#39 (1) {
    ["node"]=>
    object(stdClass)#38 (7) {
      ["id"]=>
      string(10) "1364262505"
      ["username"]=>
      string(9) "tefitefii"
      ["full_name"]=>
      string(24) "•Estefanía valdés•"
      ["profile_pic_url"]=>
      string(157) "https://instagram.fsdu8-2.fna.fbcdn.net/vp/a9dcccd711d2a9aa2ce44a55980b0e8d/5B39040D/t51.2885-19/s150x150/27894441_1531190743658678_7812449617689182208_n.jpg"
      ["is_verified"]=>
      bool(false)
      ["followed_by_viewer"]=>
      bool(false)
      ["requested_by_viewer"]=>
      bool(false)
    }
  }
}
Profil name: yosicrocco NOT FOLLOWING: followed_in_db(0) following_me() valid_profile()<br>
Profil name: valee.aisha NOT FOLLOWING: followed_in_db(0) following_me() valid_profile()<br>
Profil name: keita6020 NOT FOLLOWING: followed_in_db(0) following_me() valid_profile()<br>
Profil name: ace_vargas NOT FOLLOWING: followed_in_db(0) following_me() valid_profile()<br>
Profil name: tefitefii NOT FOLLOWING: followed_in_db(0) following_me() valid_profile()<br>
<br />
<b>Warning</b>:  Creating default object from empty value in <b>/opt/lampp/htdocs/dumbu/worker/class/Robot.php</b> on line <b>241</b><br />
<br />
<b>Notice</b>:  Undefined property: stdClass::$reference_id in <b>/opt/lampp/htdocs/dumbu/worker/class/Robot.php</b> on line <b>242</b><br />
<br>
Ref Profil: gentedezona (id: 31114 | type: 0)<br>
<br>output {"data":{"user":{"edge_followed_by":{"count":1377510,"page_info":{"has_next_page":true,"end_cursor":"AQDekxNRDvyk5YjwyR5niEZ_J_QQH-J9jM31hzASgIj4tuSmLhhk23HGPkJ-2yiDqYOL1JKSqIhME9W2fVMmeDBTNMRDdRic0dC6N4gSRfy7_A"},"edges":[{"node":{"id":"3580085323","username":"yosicrocco","full_name":"Yoselin Crocco","profile_pic_url":"https://instagram.fsdu8-2.fna.fbcdn.net/vp/5a6e3a9898af5ea9dda680b9be6e4ca1/5B2B6C58/t51.2885-19/s150x150/29088677_160683881309444_5037634606824685568_n.jpg","is_verified":false,"followed_by_viewer":false,"requested_by_viewer":false}},{"node":{"id":"5737783014","username":"valee.aisha","full_name":"Valee Meza","profile_pic_url":"https://instagram.fsdu8-2.fna.fbcdn.net/vp/988df53970973f928a47d95b2c0d4bff/5B38F6F1/t51.2885-19/s150x150/25022960_916932491806066_7000511266133377024_n.jpg","is_verified":false,"followed_by_viewer":false,"requested_by_viewer":false}},{"node":{"id":"7208336682","username":"keita6020","full_name":"keita","profile_pic_url":"https://instagram.fsdu8-2.fna.fbcdn.net/vp/4bf033e019ed3889845f22e56d754a83/5B424AEB/t51.2885-19/s150x150/28154220_364647900678058_9092919496229781504_n.jpg","is_verified":false,"followed_by_viewer":false,"requested_by_viewer":false}},{"node":{"id":"1451319903","username":"ace_vargas","full_name":"Andres Javier","profile_pic_url":"https://instagram.fsdu8-2.fna.fbcdn.net/vp/121fffe07bc66334a7ecf9b9f9f205d6/5B4E0ECB/t51.2885-19/s150x150/12317378_1625606847703204_646810481_a.jpg","is_verified":false,"followed_by_viewer":false,"requested_by_viewer":false}},{"node":{"id":"1364262505","username":"tefitefii","full_name":"\u2022Estefan\u00eda vald\u00e9s\u2022","profile_pic_url":"https://instagram.fsdu8-2.fna.fbcdn.net/vp/a9dcccd711d2a9aa2ce44a55980b0e8d/5B39040D/t51.2885-19/s150x150/27894441_1531190743658678_7812449617689182208_n.jpg","is_verified":false,"followed_by_viewer":false,"requested_by_viewer":false}}]}}},"status":"ok"} 

</br><br>
Ref Profil: gentedezona<br>
Nodes: 5 <br>
array(5) {
  [0]=>
  object(stdClass)#407 (1) {
    ["node"]=>
    object(stdClass)#406 (7) {
      ["id"]=>
      string(10) "3580085323"
      ["username"]=>
      string(10) "yosicrocco"
      ["full_name"]=>
      string(14) "Yoselin Crocco"
      ["profile_pic_url"]=>
      string(156) "https://instagram.fsdu8-2.fna.fbcdn.net/vp/5a6e3a9898af5ea9dda680b9be6e4ca1/5B2B6C58/t51.2885-19/s150x150/29088677_160683881309444_5037634606824685568_n.jpg"
      ["is_verified"]=>
      bool(false)
      ["followed_by_viewer"]=>
      bool(false)
      ["requested_by_viewer"]=>
      bool(false)
    }
  }
  [1]=>
  object(stdClass)#405 (1) {
    ["node"]=>
    object(stdClass)#235 (7) {
      ["id"]=>
      string(10) "5737783014"
      ["username"]=>
      string(11) "valee.aisha"
      ["full_name"]=>
      string(10) "Valee Meza"
      ["profile_pic_url"]=>
      string(156) "https://instagram.fsdu8-2.fna.fbcdn.net/vp/988df53970973f928a47d95b2c0d4bff/5B38F6F1/t51.2885-19/s150x150/25022960_916932491806066_7000511266133377024_n.jpg"
      ["is_verified"]=>
      bool(false)
      ["followed_by_viewer"]=>
      bool(false)
      ["requested_by_viewer"]=>
      bool(false)
    }
  }
  [2]=>
  object(stdClass)#404 (1) {
    ["node"]=>
    object(stdClass)#391 (7) {
      ["id"]=>
      string(10) "7208336682"
      ["username"]=>
      string(9) "keita6020"
      ["full_name"]=>
      string(5) "keita"
      ["profile_pic_url"]=>
      string(156) "https://instagram.fsdu8-2.fna.fbcdn.net/vp/4bf033e019ed3889845f22e56d754a83/5B424AEB/t51.2885-19/s150x150/28154220_364647900678058_9092919496229781504_n.jpg"
      ["is_verified"]=>
      bool(false)
      ["followed_by_viewer"]=>
      bool(false)
      ["requested_by_viewer"]=>
      bool(false)
    }
  }
  [3]=>
  object(stdClass)#402 (1) {
    ["node"]=>
    object(stdClass)#403 (7) {
      ["id"]=>
      string(10) "1451319903"
      ["username"]=>
      string(10) "ace_vargas"
      ["full_name"]=>
      string(13) "Andres Javier"
      ["profile_pic_url"]=>
      string(147) "https://instagram.fsdu8-2.fna.fbcdn.net/vp/121fffe07bc66334a7ecf9b9f9f205d6/5B4E0ECB/t51.2885-19/s150x150/12317378_1625606847703204_646810481_a.jpg"
      ["is_verified"]=>
      bool(false)
      ["followed_by_viewer"]=>
      bool(false)
      ["requested_by_viewer"]=>
      bool(false)
    }
  }
  [4]=>
  object(stdClass)#400 (1) {
    ["node"]=>
    object(stdClass)#401 (7) {
      ["id"]=>
      string(10) "1364262505"
      ["username"]=>
      string(9) "tefitefii"
      ["full_name"]=>
      string(24) "•Estefanía valdés•"
      ["profile_pic_url"]=>
      string(157) "https://instagram.fsdu8-2.fna.fbcdn.net/vp/a9dcccd711d2a9aa2ce44a55980b0e8d/5B39040D/t51.2885-19/s150x150/27894441_1531190743658678_7812449617689182208_n.jpg"
      ["is_verified"]=>
      bool(false)
      ["followed_by_viewer"]=>
      bool(false)
      ["requested_by_viewer"]=>
      bool(false)
    }
  }
}
Profil name: yosicrocco NOT FOLLOWING: followed_in_db(0) following_me() valid_profile()<br>
Profil name: valee.aisha NOT FOLLOWING: followed_in_db(0) following_me() valid_profile()<br>
Profil name: keita6020 NOT FOLLOWING: followed_in_db(0) following_me() valid_profile()<br>
Profil name: ace_vargas NOT FOLLOWING: followed_in_db(0) following_me() valid_profile()<br>
Profil name: tefitefii NOT FOLLOWING: followed_in_db(0) following_me() valid_profile()<br>
<br />
<b>Notice</b>:  Undefined property: stdClass::$reference_id in <b>/opt/lampp/htdocs/dumbu/worker/class/Robot.php</b> on line <b>242</b><br />
<br>
Ref Profil: gentedezona (id: 31114 | type: 0)<br>
<br>output {"data":{"user":{"edge_followed_by":{"count":1377510,"page_info":{"has_next_page":true,"end_cursor":"AQC4CccOEd7_8_r81IQzbfMdTCkkYDA14-VnRDyxq8SYJT20yOkTrb94t1HdxRu0g1ZPUZsbeJELIyZ_p6j7e5x3Ect0yU462WVDHfQLESHyhA"},"edges":[{"node":{"id":"3580085323","username":"yosicrocco","full_name":"Yoselin Crocco","profile_pic_url":"https://instagram.fsdu8-2.fna.fbcdn.net/vp/5a6e3a9898af5ea9dda680b9be6e4ca1/5B2B6C58/t51.2885-19/s150x150/29088677_160683881309444_5037634606824685568_n.jpg","is_verified":false,"followed_by_viewer":false,"requested_by_viewer":false}},{"node":{"id":"5737783014","username":"valee.aisha","full_name":"Valee Meza","profile_pic_url":"https://instagram.fsdu8-2.fna.fbcdn.net/vp/988df53970973f928a47d95b2c0d4bff/5B38F6F1/t51.2885-19/s150x150/25022960_916932491806066_7000511266133377024_n.jpg","is_verified":false,"followed_by_viewer":false,"requested_by_viewer":false}},{"node":{"id":"7208336682","username":"keita6020","full_name":"keita","profile_pic_url":"https://instagram.fsdu8-2.fna.fbcdn.net/vp/4bf033e019ed3889845f22e56d754a83/5B424AEB/t51.2885-19/s150x150/28154220_364647900678058_9092919496229781504_n.jpg","is_verified":false,"followed_by_viewer":false,"requested_by_viewer":false}},{"node":{"id":"1451319903","username":"ace_vargas","full_name":"Andres Javier","profile_pic_url":"https://instagram.fsdu8-2.fna.fbcdn.net/vp/121fffe07bc66334a7ecf9b9f9f205d6/5B4E0ECB/t51.2885-19/s150x150/12317378_1625606847703204_646810481_a.jpg","is_verified":false,"followed_by_viewer":false,"requested_by_viewer":false}},{"node":{"id":"1364262505","username":"tefitefii","full_name":"\u2022Estefan\u00eda vald\u00e9s\u2022","profile_pic_url":"https://instagram.fsdu8-2.fna.fbcdn.net/vp/a9dcccd711d2a9aa2ce44a55980b0e8d/5B39040D/t51.2885-19/s150x150/27894441_1531190743658678_7812449617689182208_n.jpg","is_verified":false,"followed_by_viewer":false,"requested_by_viewer":false}}]}}},"status":"ok"} 

</br><br>
Ref Profil: gentedezona<br>
Nodes: 5 <br>
array(5) {
  [0]=>
  object(stdClass)#22 (1) {
    ["node"]=>
    object(stdClass)#42 (7) {
      ["id"]=>
      string(10) "3580085323"
      ["username"]=>
      string(10) "yosicrocco"
      ["full_name"]=>
      string(14) "Yoselin Crocco"
      ["profile_pic_url"]=>
      string(156) "https://instagram.fsdu8-2.fna.fbcdn.net/vp/5a6e3a9898af5ea9dda680b9be6e4ca1/5B2B6C58/t51.2885-19/s150x150/29088677_160683881309444_5037634606824685568_n.jpg"
      ["is_verified"]=>
      bool(false)
      ["followed_by_viewer"]=>
      bool(false)
      ["requested_by_viewer"]=>
      bool(false)
    }
  }
  [1]=>
  object(stdClass)#47 (1) {
    ["node"]=>
    object(stdClass)#221 (7) {
      ["id"]=>
      string(10) "5737783014"
      ["username"]=>
      string(11) "valee.aisha"
      ["full_name"]=>
      string(10) "Valee Meza"
      ["profile_pic_url"]=>
      string(156) "https://instagram.fsdu8-2.fna.fbcdn.net/vp/988df53970973f928a47d95b2c0d4bff/5B38F6F1/t51.2885-19/s150x150/25022960_916932491806066_7000511266133377024_n.jpg"
      ["is_verified"]=>
      bool(false)
      ["followed_by_viewer"]=>
      bool(false)
      ["requested_by_viewer"]=>
      bool(false)
    }
  }
  [2]=>
  object(stdClass)#207 (1) {
    ["node"]=>
    object(stdClass)#220 (7) {
      ["id"]=>
      string(10) "7208336682"
      ["username"]=>
      string(9) "keita6020"
      ["full_name"]=>
      string(5) "keita"
      ["profile_pic_url"]=>
      string(156) "https://instagram.fsdu8-2.fna.fbcdn.net/vp/4bf033e019ed3889845f22e56d754a83/5B424AEB/t51.2885-19/s150x150/28154220_364647900678058_9092919496229781504_n.jpg"
      ["is_verified"]=>
      bool(false)
      ["followed_by_viewer"]=>
      bool(false)
      ["requested_by_viewer"]=>
      bool(false)
    }
  }
  [3]=>
  object(stdClass)#219 (1) {
    ["node"]=>
    object(stdClass)#206 (7) {
      ["id"]=>
      string(10) "1451319903"
      ["username"]=>
      string(10) "ace_vargas"
      ["full_name"]=>
      string(13) "Andres Javier"
      ["profile_pic_url"]=>
      string(147) "https://instagram.fsdu8-2.fna.fbcdn.net/vp/121fffe07bc66334a7ecf9b9f9f205d6/5B4E0ECB/t51.2885-19/s150x150/12317378_1625606847703204_646810481_a.jpg"
      ["is_verified"]=>
      bool(false)
      ["followed_by_viewer"]=>
      bool(false)
      ["requested_by_viewer"]=>
      bool(false)
    }
  }
  [4]=>
  object(stdClass)#217 (1) {
    ["node"]=>
    object(stdClass)#218 (7) {
      ["id"]=>
      string(10) "1364262505"
      ["username"]=>
      string(9) "tefitefii"
      ["full_name"]=>
      string(24) "•Estefanía valdés•"
      ["profile_pic_url"]=>
  