Worker Inited...!<br>
2016-10-26 06:00:01amcsrftoken=YrLw16Lfhd5KRYmAZkKU3MjuMZCHtKdR<br>
Autenticated Client: albertoreyesd84 <br>
<br>
csrftoken=m0t8qTFGm7do8vrcrWMaQfdJGyHyegpA<br>
Autenticated Client: josergm86 <br>
<br>
csrftoken=oJvtEch0IVQhsuMUgNg5e7m8SeHjEo9l<br>
Autenticated Client: pedropetti <br>
<br>
csrftoken=GjmpBvEWz17XKuLvrzAkVK0NZAGrVg7U<br>
Autenticated Client: smartsushidelivery <br>
<br>
csrftoken=8szTF49MjaJtNPOTqdL7vH9BPPkJiDcJ<br>
Autenticated Client: luna_westie <br>
<br>
csrftoken=XZoWo5m4yMwPeAIIecjOmxCrqxXGH0WU<br>
Autenticated Client: fabricio.uchoa <br>
<br>
csrftoken=neVQLtqRDV1qzsrFcoYnYanT9Z8WOofV<br>
Autenticated Client: sandrozion7 <br>
<br>

<br>2016-10-26 06:00:09am

