Worker Inited...!<br>
2016-11-05 06:00:02am<pre>{
    "success": true,
    "data": {
        "ErrorReport": null,
        "InternalTime": 46,
        "MerchantKey": "b3ef5018-6653-4ce0-b515-51ac26ccdcb1",
        "RequestKey": "dd3e5d29-0d3a-4773-897c-c9f4ee36c9ca",
        "SaleDataCollection": [
            {
                "AntiFraudAnalysisData": null,
                "BoletoTransactionDataCollection": null,
                "BuyerKey": "d5424935-5108-4c5a-bab0-ffe1ec868e19",
                "CreditCardTransactionDataCollection": [
                    {
                        "AcquirerAuthorizationCode": "541680",
                        "AcquirerName": "Simulator",
                        "AcquirerReturnCode": "0",
                        "AffiliationCode": "MUNDI",
                        "AmountInCents": 7000,
                        "AuthorizedAmountInCents": 7000,
                        "CaptureExpirationDate": null,
                        "CapturedAmountInCents": 7000,
                        "CapturedDate": "2016-10-31T03:19:32",
                        "CreateDate": "2016-10-31T03:19:32",
                        "CreditCard": {
                            "CreditCardBrand": "Mastercard",
                            "InstantBuyKey": "375a9ffa-e2d6-432d-b9b5-824ff5e0683a",
                            "IsExpiredCreditCard": false,
                            "MaskedCreditCardNumber": "555544****2222"
                        },
                        "CreditCardOperation": "AuthAndCapture",
                        "CreditCardTransactionStatus": "Captured",
                        "DueDate": "2016-10-31T04:19:30",
                        "EstablishmentCode": null,
                        "InstallmentCount": 1,
                        "IsReccurency": true,
                        "PaymentMethodName": "Simulator",
                        "RefundedAmountInCents": null,
                        "ThirdPartyAffiliationCode": "",
                        "TransactionIdentifier": "688610",
                        "TransactionKey": "722b0196-5545-4066-8dca-5b13721e8337",
                        "TransactionKeyToAcquirer": "722b019655454066",
                        "TransactionReference": "5816b84261f8d",
                        "UniqueSequentialNumber": "489018",
                        "VoidedAmountInCents": null
                    },
                    {
                        "AcquirerAuthorizationCode": null,
                        "AcquirerName": "Simulator",
                        "AcquirerReturnCode": null,
                        "AffiliationCode": "MUNDI",
                        "AmountInCents": 7000,
                        "AuthorizedAmountInCents": null,
                        "CaptureExpirationDate": null,
                        "CapturedAmountInCents": null,
                        "CapturedDate": null,
                        "CreateDate": "2016-10-31T03:19:32",
                        "CreditCard": {
                            "CreditCardBrand": "Mastercard",
                            "InstantBuyKey": "375a9ffa-e2d6-432d-b9b5-824ff5e0683a",
                            "IsExpiredCreditCard": false,
                            "MaskedCreditCardNumber": "555544****2222"
                        },
                        "CreditCardOperation": "AuthAndCapture",
                        "CreditCardTransactionStatus": "PendingAuthorize",
                        "DueDate": "2016-11-30T04:19:30",
                        "EstablishmentCode": null,
                        "InstallmentCount": 1,
                        "IsReccurency": true,
                        "PaymentMethodName": "Simulator",
                        "RefundedAmountInCents": null,
                        "ThirdPartyAffiliationCode": "",
                        "TransactionIdentifier": null,
                        "TransactionKey": "f965fb48-b2f2-4275-abfc-2e429abee628",
                        "TransactionKeyToAcquirer": "f965fb48b2f24275",
                        "TransactionReference": "5816b84261f8d",
                        "UniqueSequentialNumber": null,
                        "VoidedAmountInCents": null
                    },
                    {
                        "AcquirerAuthorizationCode": null,
                        "AcquirerName": "Simulator",
                        "AcquirerReturnCode": null,
                        "AffiliationCode": "MUNDI",
                        "AmountInCents": 7000,
                        "AuthorizedAmountInCents": null,
                        "CaptureExpirationDate": null,
                        "CapturedAmountInCents": null,
                        "CapturedDate": null,
                        "CreateDate": "2016-10-31T03:19:32",
                        "CreditCard": {
                            "CreditCardBrand": "Mastercard",
                            "InstantBuyKey": "375a9ffa-e2d6-432d-b9b5-824ff5e0683a",
                            "IsExpiredCreditCard": false,
                            "MaskedCreditCardNumber": "555544****2222"
                        },
                        "CreditCardOperation": "AuthAndCapture",
                        "CreditCardTransactionStatus": "PendingAuthorize",
                        "DueDate": "2016-12-31T04:19:30",
                        "EstablishmentCode": null,
                        "InstallmentCount": 1,
                        "IsReccurency": true,
                        "PaymentMethodName": "Simulator",
                        "RefundedAmountInCents": null,
                        "ThirdPartyAffiliationCode": "",
                        "TransactionIdentifier": null,
                        "TransactionKey": "282ae67d-9fc9-42e3-a531-c2874ba2e0c7",
                        "TransactionKeyToAcquirer": "282ae67d9fc942e3",
                        "TransactionReference": "5816b84261f8d",
                        "UniqueSequentialNumber": null,
                        "VoidedAmountInCents": null
                    },
                    {
                        "AcquirerAuthorizationCode": null,
                        "AcquirerName": "Simulator",
                        "AcquirerReturnCode": null,
                        "AffiliationCode": "MUNDI",
                        "AmountInCents": 7000,
                        "AuthorizedAmountInCents": null,
                        "CaptureExpirationDate": null,
                        "CapturedAmountInCents": null,
                        "CapturedDate": null,
                        "CreateDate": "2016-10-31T03:19:32",
                        "CreditCard": {
                            "CreditCardBrand": "Mastercard",
                            "InstantBuyKey": "375a9ffa-e2d6-432d-b9b5-824ff5e0683a",
                            "IsExpiredCreditCard": false,
                            "MaskedCreditCardNumber": "555544****2222"
                        },
                        "CreditCardOperation": "AuthAndCapture",
                        "CreditCardTransactionStatus": "PendingAuthorize",
                        "DueDate": "2017-01-31T04:19:30",
                        "EstablishmentCode": null,
                        "InstallmentCount": 1,
                        "IsReccurency": true,
                        "PaymentMethodName": "Simulator",
                        "RefundedAmountInCents": null,
                        "ThirdPartyAffiliationCode": "",
                        "TransactionIdentifier": null,
                        "TransactionKey": "f2b5fecc-f4c8-4b33-bfa7-ad6dcabd35f9",
                        "TransactionKeyToAcquirer": "f2b5feccf4c84b33",
                        "TransactionReference": "5816b84261f8d",
                        "UniqueSequentialNumber": null,
                        "VoidedAmountInCents": null
                    },
                    {
                        "AcquirerAuthorizationCode": null,
                        "AcquirerName": "Simulator",
                        "AcquirerReturnCode": null,
                        "AffiliationCode": "MUNDI",
                        "AmountInCents": 7000,
                        "AuthorizedAmountInCents": null,
                        "CaptureExpirationDate": null,
                        "CapturedAmountInCents": null,
                        "CapturedDate": null,
                        "CreateDate": "2016-10-31T03:19:32",
                        "CreditCard": {
                            "CreditCardBrand": "Mastercard",
                            "InstantBuyKey": "375a9ffa-e2d6-432d-b9b5-824ff5e0683a",
                            "IsExpiredCreditCard": false,
                            "MaskedCreditCardNumber": "555544****2222"
                        },
                        "CreditCardOperation": "AuthAndCapture",
                        "CreditCardTransactionStatus": "PendingAuthorize",
                        "DueDate": "2017-02-28T04:19:30",
                        "EstablishmentCode": null,
                        "InstallmentCount": 1,
                        "IsReccurency": true,
                        "PaymentMethodName": "Simulator",
                        "RefundedAmountInCents": null,
                        "ThirdPartyAffiliationCode": "",
                        "TransactionIdentifier": null,
                        "TransactionKey": "7d8b03fd-c7a1-4e78-8ba5-7e4aacc3e07c",
                        "TransactionKeyToAcquirer": "7d8b03fdc7a14e78",
                        "TransactionReference": "5816b84261f8d",
                        "UniqueSequentialNumber": null,
                        "VoidedAmountInCents": null
                    },
                    {
                        "AcquirerAuthorizationCode": null,
                        "AcquirerName": "Simulator",
                        "AcquirerReturnCode": null,
                        "AffiliationCode": "MUNDI",
                        "AmountInCents": 7000,
                        "AuthorizedAmountInCents": null,
                        "CaptureExpirationDate": null,
                        "CapturedAmountInCents": null,
                        "CapturedDate": null,
                        "CreateDate": "2016-10-31T03:19:32",
                        "CreditCard": {
                            "CreditCardBrand": "Mastercard",
                            "InstantBuyKey": "375a9ffa-e2d6-432d-b9b5-824ff5e0683a",
                            "IsExpiredCreditCard": false,
                            "MaskedCreditCardNumber": "555544****2222"
                        },
                        "CreditCardOperation": "AuthAndCapture",
                        "CreditCardTransactionStatus": "PendingAuthorize",
                        "DueDate": "2017-03-31T04:19:30",
                        "EstablishmentCode": null,
                        "InstallmentCount": 1,
                        "IsReccurency": true,
                        "PaymentMethodName": "Simulator",
                        "RefundedAmountInCents": null,
                        "ThirdPartyAffiliationCode": "",
                        "TransactionIdentifier": null,
                        "TransactionKey": "9e6ba0cc-dad1-460d-8b28-27666820fb2b",
                        "TransactionKeyToAcquirer": "9e6ba0ccdad1460d",
                        "TransactionReference": "5816b84261f8d",
                        "UniqueSequentialNumber": null,
                        "VoidedAmountInCents": null
                    },
                    {
                        "AcquirerAuthorizationCode": null,
                        "AcquirerName": "Simulator",
                        "AcquirerReturnCode": null,
                        "AffiliationCode": "MUNDI",
                        "AmountInCents": 7000,
                        "AuthorizedAmountInCents": null,
                        "CaptureExpirationDate": null,
                        "CapturedAmountInCents": null,
                        "CapturedDate": null,
                        "CreateDate": "2016-10-31T03:19:32",
                        "CreditCard": {
                            "CreditCardBrand": "Mastercard",
                            "InstantBuyKey": "375a9ffa-e2d6-432d-b9b5-824ff5e0683a",
                            "IsExpiredCreditCard": false,
                            "MaskedCreditCardNumber": "555544****2222"
                        },
                        "CreditCardOperation": "AuthAndCapture",
                        "CreditCardTransactionStatus": "PendingAuthorize",
                        "DueDate": "2017-04-30T04:19:30",
                        "EstablishmentCode": null,
                        "InstallmentCount": 1,
                        "IsReccurency": true,
                        "PaymentMethodName": "Simulator",
                        "RefundedAmountInCents": null,
                        "ThirdPartyAffiliationCode": "",
                        "TransactionIdentifier": null,
                        "TransactionKey": "7c1c29c9-ffc0-4c73-81c6-7bef6eda8390",
                        "TransactionKeyToAcquirer": "7c1c29c9ffc04c73",
                        "TransactionReference": "5816b84261f8d",
                        "UniqueSequentialNumber": null,
                        "VoidedAmountInCents": null
                    },
                    {
                        "AcquirerAuthorizationCode": null,
                        "AcquirerName": "Simulator",
                        "AcquirerReturnCode": null,
                        "AffiliationCode": "MUNDI",
                        "AmountInCents": 7000,
                        "AuthorizedAmountInCents": null,
                        "CaptureExpirationDate": null,
                        "CapturedAmountInCents": null,
                        "CapturedDate": null,
                        "CreateDate": "2016-10-31T03:19:32",
                        "CreditCard": {
                            "CreditCardBrand": "Mastercard",
                            "InstantBuyKey": "375a9ffa-e2d6-432d-b9b5-824ff5e0683a",
                            "IsExpiredCreditCard": false,
                            "MaskedCreditCardNumber": "555544****2222"
                        },
                        "CreditCardOperation": "AuthAndCapture",
                        "CreditCardTransactionStatus": "PendingAuthorize",
                        "DueDate": "2017-05-31T04:19:30",
                        "EstablishmentCode": null,
                        "InstallmentCount": 1,
                        "IsReccurency": true,
                        "PaymentMethodName": "Simulator",
                        "RefundedAmountInCents": null,
                        "ThirdPartyAffiliationCode": "",
                        "TransactionIdentifier": null,
                        "TransactionKey": "3a252e12-a564-4e71-a29f-d6ef9c02d41e",
                        "TransactionKeyToAcquirer": "3a252e12a5644e71",
                        "TransactionReference": "5816b84261f8d",
                        "UniqueSequentialNumber": null,
                        "VoidedAmountInCents": null
                    },
                    {
                        "AcquirerAuthorizationCode": null,
                        "AcquirerName": "Simulator",
                        "AcquirerReturnCode": null,
                        "AffiliationCode": "MUNDI",
                        "AmountInCents": 7000,
                        "AuthorizedAmountInCents": null,
                        "CaptureExpirationDate": null,
                        "CapturedAmountInCents": null,
                        "CapturedDate": null,
                        "CreateDate": "2016-10-31T03:19:32",
                        "CreditCard": {
                            "CreditCardBrand": "Mastercard",
                            "InstantBuyKey": "375a9ffa-e2d6-432d-b9b5-824ff5e0683a",
                            "IsExpiredCreditCard": false,
                            "MaskedCreditCardNumber": "555544****2222"
                        },
                        "CreditCardOperation": "AuthAndCapture",
                        "CreditCardTransactionStatus": "PendingAuthorize",
                        "DueDate": "2017-06-30T04:19:30",
                        "EstablishmentCode": null,
                        "InstallmentCount": 1,
                        "IsReccurency": true,
                        "PaymentMethodName": "Simulator",
                        "RefundedAmountInCents": null,
                        "ThirdPartyAffiliationCode": "",
                        "TransactionIdentifier": null,
                        "TransactionKey": "d76dad1b-5783-4792-ab57-899b8161ea6a",
                        "TransactionKeyToAcquirer": "d76dad1b57834792",
                        "TransactionReference": "5816b84261f8d",
                        "UniqueSequentialNumber": null,
                        "VoidedAmountInCents": null
                    },
                    {
                        "AcquirerAuthorizationCode": null,
                        "AcquirerName": "Simulator",
                        "AcquirerReturnCode": null,
                        "AffiliationCode": "MUNDI",
                        "AmountInCents": 7000,
                        "AuthorizedAmountInCents": null,
                        "CaptureExpirationDate": null,
                        "CapturedAmountInCents": null,
                        "CapturedDate": null,
                        "CreateDate": "2016-10-31T03:19:32",
                        "CreditCard": {
                            "CreditCardBrand": "Mastercard",
                            "InstantBuyKey": "375a9ffa-e2d6-432d-b9b5-824ff5e0683a",
                            "IsExpiredCreditCard": false,
                            "MaskedCreditCardNumber": "555544****2222"
                        },
                        "CreditCardOperation": "AuthAndCapture",
                        "CreditCardTransactionStatus": "PendingAuthorize",
                        "DueDate": "2017-07-31T04:19:30",
                        "EstablishmentCode": null,
                        "InstallmentCount": 1,
                        "IsReccurency": true,
                        "PaymentMethodName": "Simulator",
                        "RefundedAmountInCents": null,
                        "ThirdPartyAffiliationCode": "",
                        "TransactionIdentifier": null,
                        "TransactionKey": "446503f4-5c78-421f-bedd-5e58803df5f4",
                        "TransactionKeyToAcquirer": "446503f45c78421f",
                        "TransactionReference": "5816b84261f8d",
                        "UniqueSequentialNumber": null,
                        "VoidedAmountInCents": null
                    },
                    {
                        "AcquirerAuthorizationCode": null,
                        "AcquirerName": "Simulator",
                        "AcquirerReturnCode": null,
                        "AffiliationCode": "MUNDI",
                        "AmountInCents": 7000,
                        "AuthorizedAmountInCents": null,
                        "CaptureExpirationDate": null,
                        "CapturedAmountInCents": null,
                        "CapturedDate": null,
                        "CreateDate": "2016-10-31T03:19:32",
                        "CreditCard": {
                            "CreditCardBrand": "Mastercard",
                            "InstantBuyKey": "375a9ffa-e2d6-432d-b9b5-824ff5e0683a",
                            "IsExpiredCreditCard": false,
                            "MaskedCreditCardNumber": "555544****2222"
                        },
                        "CreditCardOperation": "AuthAndCapture",
                        "CreditCardTransactionStatus": "PendingAuthorize",
                        "DueDate": "2017-08-31T04:19:30",
                        "EstablishmentCode": null,
                        "InstallmentCount": 1,
                        "IsReccurency": true,
                        "PaymentMethodName": "Simulator",
                        "RefundedAmountInCents": null,
                        "ThirdPartyAffiliationCode": "",
                        "TransactionIdentifier": null,
                        "TransactionKey": "b97c6411-d25a-4225-8f8d-c5d0fe003f4e",
                        "TransactionKeyToAcquirer": "b97c6411d25a4225",
                        "TransactionReference": "5816b84261f8d",
                        "UniqueSequentialNumber": null,
                        "VoidedAmountInCents": null
                    },
                    {
                        "AcquirerAuthorizationCode": null,
                        "AcquirerName": "Simulator",
                        "AcquirerReturnCode": null,
                        "AffiliationCode": "MUNDI",
                        "AmountInCents": 7000,
                        "AuthorizedAmountInCents": null,
                        "CaptureExpirationDate": null,
                        "CapturedAmountInCents": null,
                        "CapturedDate": null,
                        "CreateDate": "2016-10-31T03:19:32",
                        "CreditCard": {
                            "CreditCardBrand": "Mastercard",
                            "InstantBuyKey": "375a9ffa-e2d6-432d-b9b5-824ff5e0683a",
                            "IsExpiredCreditCard": false,
                            "MaskedCreditCardNumber": "555544****2222"
                        },
                        "CreditCardOperation": "AuthAndCapture",
                        "CreditCardTransactionStatus": "PendingAuthorize",
                        "DueDate": "2017-09-30T04:19:30",
                        "EstablishmentCode": null,
                        "InstallmentCount": 1,
                        "IsReccurency": true,
                        "PaymentMethodName": "Simulator",
                        "RefundedAmountInCents": null,
                        "ThirdPartyAffiliationCode": "",
                        "TransactionIdentifier": null,
                        "TransactionKey": "041298e2-f5be-4bfc-83f9-c15455ec16d7",
                        "TransactionKeyToAcquirer": "041298e2f5be4bfc",
                        "TransactionReference": "5816b84261f8d",
                        "UniqueSequentialNumber": null,
                        "VoidedAmountInCents": null
                    }
                ],
                "OrderData": {
                    "CreateDate": "2016-10-31T03:19:32",
                    "OrderKey": "e0c0954a-dbd5-4e79-b513-0769d89bb490",
                    "OrderReference": "5816b8426266d"
                }
            }
        ],
        "SaleDataCount": 1,
        "TokenData": null
    }
}</pre>
<br>2016-11-05 06:00:03am

